This is pTeX, Version 3.1415 p2.1.4 (JIS) (C version 6.1) (format=platex 97.1.24)  2 OCT 1999 19:19
**./images.tex
(images.tex
pLaTeX2e <1997/01/23>+0 (based on LaTeX2e <1996/12/01> patch level 0)

(/usr/local/lib/texmf/tex/platex2e/base/pl209.def
File: platex209.def 1995/12/25 v0.50-p0.1 Standard pLaTeX file
Entering pLaTeX 2.09 compatibility mode.
\footheight=\dimen118
\@maxsep=\dimen119
\@dblmaxsep=\dimen120
\@cla=\count81
\@clb=\count82
\mscount=\count83
(/usr/local/lib/texmf/tex/latex2e/base/tracefnt.sty
Package: tracefnt 1996/07/26 v3.0i Standard LaTeX package (font tracing)
\tracingfonts=\count84
LaTeX Info: Redefining \selectfont on input line 139.
) (/usr/local/lib/texmf/tex/platex2e/base/ptrace.sty
LaTeX Info: Redefining \selectfont on input line 57.
\adjust@box=\box41
\adjust@dimen=\dimen121
)
\symbold=\mathgroup4
\symsans=\mathgroup5
\symtypewriter=\mathgroup6
\symitalic=\mathgroup7
\symsmallcaps=\mathgroup8
\symslanted=\mathgroup9
LaTeX Font Info:    Redeclaring math alphabet \mathbf on input line 269.
LaTeX Font Info:    Redeclaring math alphabet \mathsf on input line 270.
LaTeX Font Info:    Redeclaring math alphabet \mathtt on input line 271.
LaTeX Font Info:    Redeclaring math alphabet \mathit on input line 277.
LaTeX Info: Redefining \em on input line 289.
(/usr/local/lib/texmf/tex/latex2e/base/latexsym.sty
Package: latexsym 1996/11/20 v2.2d Standard LaTeX package (lasy symbols)
\symlasy=\mathgroup10
LaTeX Font Info:    Overwriting symbol font `lasy' in version `bold'
(Font)                  U/lasy/m/n --> U/lasy/b/n on input line 85.
)
LaTeX Font Info:    Redeclaring math delimiter \lgroup on input line 356.
LaTeX Font Info:    Redeclaring math delimiter \rgroup on input line 358.
LaTeX Font Info:    Redeclaring math delimiter \bracevert on input line 360.
) (/usr/local/lib/texmf/tex/platex2e/base/jarticle.cls
Document Class: jarticle 1996/03/01 v1.0c Standard pLaTeX class
(/usr/local/lib/texmf/tex/platex2e/base/jsize10.clo
File: jsize10.clo 1996/03/01 v1.0d Standard pLaTeX file (size option)
)
\c@part=\count85
\c@section=\count86
\c@subsection=\count87
\c@subsubsection=\count88
\c@paragraph=\count89
\c@subparagraph=\count90
\c@figure=\count91
\c@table=\count92
\abovecaptionskip=\skip41
\belowcaptionskip=\skip42
Compatibility mode: definition of \mc ignored.
Compatibility mode: definition of \gt ignored.
Compatibility mode: definition of \rm ignored.
Compatibility mode: definition of \sf ignored.
Compatibility mode: definition of \tt ignored.
Compatibility mode: definition of \bf ignored.
Compatibility mode: definition of \it ignored.
Compatibility mode: definition of \sl ignored.
Compatibility mode: definition of \sc ignored.
LaTeX Info: Redefining \cal on input line 569.
LaTeX Info: Redefining \mit on input line 570.
\toclineskip=\dimen122
\@lnumwidth=\dimen123
\bibindent=\dimen124
) (/home/dazai/koga/doc/macros/a4.sty) (/home/dazai/koga/doc/macros/manyfloat.s
ty) (/usr/local/lib/tex/inputs/alltt.sty)
\sizebox=\box42
\lthtmlwrite=\write3
(images.aux)
LaTeX Font Info:    Checking defaults for OML/cmm/m/it on input line 83.
LaTeX Font Info:    ... okay on input line 83.
LaTeX Font Info:    Checking defaults for T1/cmr/m/n on input line 83.
LaTeX Font Info:    ... okay on input line 83.
LaTeX Font Info:    Checking defaults for OT1/cmr/m/n on input line 83.
LaTeX Font Info:    ... okay on input line 83.
LaTeX Font Info:    Checking defaults for OMS/cmsy/m/n on input line 83.
LaTeX Font Info:    ... okay on input line 83.
LaTeX Font Info:    Checking defaults for OMX/cmex/m/n on input line 83.
LaTeX Font Info:    ... okay on input line 83.
LaTeX Font Info:    Checking defaults for U/cmr/m/n on input line 83.
LaTeX Font Info:    ... okay on input line 83.
LaTeX Font Info:    Checking defaults for JY1/mc/m/n on input line 83.
LaTeX Font Info:    ... okay on input line 83.
LaTeX Font Info:    Checking defaults for JT1/mc/m/n on input line 83.
LaTeX Font Info:    ... okay on input line 83.
latex2htmlLength hsize=349.0pt
latex2htmlLength vsize=715.87144pt
latex2htmlLength hoffset=0.0pt
latex2htmlLength voffset=0.0pt
latex2htmlLength topmargin=0.0pt
latex2htmlLength topskip=0.00003pt
latex2htmlLength headheight=0.0pt
latex2htmlLength headsep=0.0pt
latex2htmlLength parskip=0.0pt plus 1.0pt
latex2htmlLength oddsidemargin=-15.36429pt
latex2htmlLength evensidemargin=-15.36429pt
LaTeX Font Info:    External font `cmex10' loaded for size
(Font)              <7> on input line 102.
LaTeX Font Info:    External font `cmex10' loaded for size
(Font)              <5> on input line 102.
LaTeX Font Info:    Try loading font information for U+lasy on input line 102.
(/usr/local/lib/texmf/tex/latex2e/base/ulasy.fd
File: ulasy.fd 1996/11/20 v2.2dLaTeX symbol font definitions
)
l2hSize :tex2html_wrap_inline893:6.45831pt::0.0pt::6.05905pt.
[1


]
l2hSize :tex2html_wrap_inline923:6.95831pt::6.95831pt::17.77782pt.
[2


]
l2hSize :tex2html_wrap_inline927:6.95831pt::6.95831pt::17.77782pt.
[3


]
\kinou=\skip43
l2hSize :tex2html_wrap_inline1967:6.95831pt::6.95831pt::50.15955pt.
[4


]
l2hSize :tex2html_wrap_inline1969:8.0pt::8.0pt::69.6075pt.
[5


]
l2hSize :tex2html_wrap_inline2331:6.95831pt::6.95831pt::13.83685pt.
[6


]
l2hSize :tex2html_wrap_inline2396:8.0pt::8.0pt::79.87007pt.
[7


]
l2hSize :tex2html_wrap_inline2511:8.0pt::8.0pt::82.03676pt.
[8


]
l2hSize :tex2html_wrap_inline2565:8.0pt::8.0pt::94.20595pt.
[9


]
l2hSize :tex2html_wrap_inline2755:6.95831pt::6.95831pt::42.22223pt.
[10


]
l2hSize :tex2html_wrap_inline2759:6.95831pt::6.95831pt::42.22223pt.
[11


]
l2hSize :tex2html_wrap_inline3453:6.95831pt::6.95831pt::52.27762pt.
[12


]
l2hSize :displaymath4499:21.85951pt::0.0pt::349.0pt.
[13


]
l2hSize :tex2html_wrap_inline6749:6.45831pt::0.0pt::5.00002pt.
[14


]
! Not two-byte family.
l.526 \begin{displaymath}-\pi\ \leq\ $B8G(B
                                       $BM-CM$N5uIt(B\ <\ \pi
IGNORE.

! Not two-byte family.
l.526 \begin{displaymath}-\pi\ \leq\ $B8GM-(B
                                         $BCM$N5uIt(B\ <\ \pi
IGNORE.

! Not two-byte family.
l.526 \begin{displaymath}-\pi\ \leq\ $B8GM-CM(B
                                           $B$N5uIt(B\ <\ \pi
IGNORE.

! Not two-byte family.
l.526 \begin{displaymath}-\pi\ \leq\ $B8GM-CM$N(B
                                             $B5uIt(B\ <\ \pi
IGNORE.

! Not two-byte family.
l.526 \begin{displaymath}-\pi\ \leq\ $B8GM-CM$N5u(B
                                               $BIt(B\ <\ \pi
IGNORE.

! Not two-byte family.
l.526 \begin{displaymath}-\pi\ \leq\ $B8GM-CM$N5uIt(B
                                                 \ <\ \pi
IGNORE.

l2hSize :displaymath6813:16.35971pt::0.0pt::349.0pt.
[15


]
l2hSize :tex2html_wrap_inline9433:8.64003pt::8.64003pt::43.47224pt.
[16


]
l2hSize :tex2html_wrap_inline11601:7.33331pt::7.33331pt::50.68036pt.
[17


]
l2hSize :tex2html_wrap_inline12163:8.0pt::8.0pt::72.27768pt.
[18


]
l2hSize :tex2html_wrap_inline12416:6.95831pt::6.95831pt::22.22217pt.
[19


]
l2hSize :tex2html_wrap_inline12418:6.95831pt::6.95831pt::22.22217pt.
[20


] (images.aux) ) 
Here is how much of TeX's memory you used:
 708 strings out of 10611
 7733 string characters out of 125239
 53381 words of memory out of 262141
 3792 multiletter control sequences out of 9500
 13177 words of font info for 52 fonts, out of 100000 for 255
 14 hyphenation exceptions out of 607
 19i,4n,21p,193b,274s stack positions out of 300i,40n,60p,4096b,4000s

Output written on images.dvi (20 pages, 3300 bytes).
